<?xml version="1.0" encoding="UTF-8"?>
<!-- Generated by org.testng.reporters.JUnitXMLReporter -->
<testsuite ignored="0" hostname="LP2-AP-52100881" failures="0" tests="1" name="ChromeTest" time="0.389" errors="0" timestamp="2024-10-29T22:36:48 IST">
  <testcase classname="com.runner.runnerClass" name="@BeforeSuite setBrowser" time="-1.730221607661E9">
    <failure type="org.testng.TestNGException" message="
Parameter &amp;apos;browser&amp;apos; is required by BeforeSuite on method setBrowser but has not been marked @Optional or defined
in C:\testing_RTP\my-app\testng.xml">
      <![CDATA[org.testng.TestNGException: 
Parameter 'browser' is required by BeforeSuite on method setBrowser but has not been marked @Optional or defined
in C:\testing_RTP\my-app\testng.xml
... Removed 16 stack frames]]>
    </failure>
  </testcase> <!-- @BeforeSuite setBrowser -->
  <testcase classname="io.cucumber.testng.AbstractTestNGCucumberTests" name="runScenario" time="0.0">
    <skipped/>
  </testcase> <!-- runScenario -->
</testsuite> <!-- ChromeTest -->
